Determining if the system is big endian passed with the following output:
Change Dir: /Users/jackywang/Desktop/231a/project/OpenCV/opencv-2.4.10/build/CMakeFiles/CMakeTmp

Run Build Command:/opt/local/bin/gmake "cmTryCompileExec94181100/fast"
/opt/local/bin/gmake -f CMakeFiles/cmTryCompileExec94181100.dir/build.make CMakeFiles/cmTryCompileExec94181100.dir/build
gmake[1]: Entering directory '/Users/jackywang/Desktop/231a/project/OpenCV/opencv-2.4.10/build/CMakeFiles/CMakeTmp'
"/Applications/CMake 2.8-11.app/Contents/bin/cmake" -E cmake_progress_report /Users/jackywang/Desktop/231a/project/OpenCV/opencv-2.4.10/build/CMakeFiles/CMakeTmp/CMakeFiles 1
Building C object CMakeFiles/cmTryCompileExec94181100.dir/TestEndianess.c.o
/usr/bin/cc   -fsigned-char -W -Werror=return-type -Werror=address -Werror=sequence-point -Wformat -Werror=format-security -Wmissing-declarations -Wmissing-prototypes -Wstrict-prototypes -Wundef -Winit-self -Wpointer-arith -Wshadow -Wsign-promo -Wno-narrowing -Wno-delete-non-virtual-dtor -Wno-unnamed-type-template-args -fdiagnostics-show-option -fno-omit-frame-pointer -msse -msse2 -msse3   -O3 -DNDEBUG   -o CMakeFiles/cmTryCompileExec94181100.dir/TestEndianess.c.o   -c /Users/jackywang/Desktop/231a/project/OpenCV/opencv-2.4.10/build/CMakeFiles/CMakeTmp/TestEndianess.c
Linking C executable cmTryCompileExec94181100
"/Applications/CMake 2.8-11.app/Contents/bin/cmake" -E cmake_link_script CMakeFiles/cmTryCompileExec94181100.dir/link.txt --verbose=1
/usr/bin/cc      -fsigned-char -W -Werror=return-type -Werror=address -Werror=sequence-point -Wformat -Werror=format-security -Wmissing-declarations -Wmissing-prototypes -Wstrict-prototypes -Wundef -Winit-self -Wpointer-arith -Wshadow -Wsign-promo -Wno-narrowing -Wno-delete-non-virtual-dtor -Wno-unnamed-type-template-args -fdiagnostics-show-option -fno-omit-frame-pointer -msse -msse2 -msse3   -O3 -DNDEBUG -Wl,-search_paths_first -Wl,-headerpad_max_install_names   CMakeFiles/cmTryCompileExec94181100.dir/TestEndianess.c.o  -o cmTryCompileExec94181100  
gmake[1]: Leaving directory '/Users/jackywang/Desktop/231a/project/OpenCV/opencv-2.4.10/build/CMakeFiles/CMakeTmp'

TestEndianess.c:
/* A 16 bit integer is required. */
typedef unsigned short cmakeint16;

/* On a little endian machine, these 16bit ints will give "THIS IS LITTLE ENDIAN."
   On a big endian machine the characters will be exchanged pairwise. */
const cmakeint16 info_little[] =  {0x4854, 0x5349, 0x4920, 0x2053, 0x494c, 0x5454, 0x454c, 0x4520, 0x444e, 0x4149, 0x2e4e, 0x0000};

/* on a big endian machine, these 16bit ints will give "THIS IS BIG ENDIAN."
   On a little endian machine the characters will be exchanged pairwise. */
const cmakeint16 info_big[] =     {0x5448, 0x4953, 0x2049, 0x5320, 0x4249, 0x4720, 0x454e, 0x4449, 0x414e, 0x2e2e, 0x0000};

#ifdef __CLASSIC_C__
int main(argc, argv) int argc; char *argv[];
#else
int main(int argc, char *argv[])
#endif
{
  int require = 0;
  require += info_little[argc];
  require += info_big[argc];
  (void)argv;
  return require;
}


Determining size of off64_t failed with the following output:
Change Dir: /Users/jackywang/Desktop/231a/project/OpenCV/opencv-2.4.10/build/CMakeFiles/CMakeTmp

Run Build Command:/opt/local/bin/gmake "cmTryCompileExec1868082836/fast"
/opt/local/bin/gmake -f CMakeFiles/cmTryCompileExec1868082836.dir/build.make CMakeFiles/cmTryCompileExec1868082836.dir/build
gmake[1]: Entering directory '/Users/jackywang/Desktop/231a/project/OpenCV/opencv-2.4.10/build/CMakeFiles/CMakeTmp'
"/Applications/CMake 2.8-11.app/Contents/bin/cmake" -E cmake_progress_report /Users/jackywang/Desktop/231a/project/OpenCV/opencv-2.4.10/build/CMakeFiles/CMakeTmp/CMakeFiles 1
Building C object CMakeFiles/cmTryCompileExec1868082836.dir/OFF64_T.c.o
/usr/bin/cc   -fsigned-char -W -Werror=return-type -Werror=address -Werror=sequence-point -Wformat -Werror=format-security -Wmissing-declarations -Wmissing-prototypes -Wstrict-prototypes -Wundef -Winit-self -Wpointer-arith -Wshadow -Wsign-promo -Wno-narrowing -Wno-delete-non-virtual-dtor -Wno-unnamed-type-template-args -fdiagnostics-show-option -fno-omit-frame-pointer -msse -msse2 -msse3   -O3 -DNDEBUG   -o CMakeFiles/cmTryCompileExec1868082836.dir/OFF64_T.c.o   -c /Users/jackywang/Desktop/231a/project/OpenCV/opencv-2.4.10/build/CMakeFiles/CheckTypeSize/OFF64_T.c
/Users/jackywang/Desktop/231a/project/OpenCV/opencv-2.4.10/build/CMakeFiles/CheckTypeSize/OFF64_T.c:19:12: error: use of undeclared identifier 'off64_t'; did you mean 'off_t'?
  ('0' + ((SIZE / 10000)%10)),
           ^
/Users/jackywang/Desktop/231a/project/OpenCV/opencv-2.4.10/build/CMakeFiles/CheckTypeSize/OFF64_T.c:17:22: note: expanded from macro 'SIZE'
#define SIZE (sizeof(off64_t))
                     ^
/usr/include/sys/_types/_off_t.h:30:25: note: 'off_t' declared here
typedef __darwin_off_t          off_t;
                                ^
/Users/jackywang/Desktop/231a/project/OpenCV/opencv-2.4.10/build/CMakeFiles/CheckTypeSize/OFF64_T.c:20:12: error: use of undeclared identifier 'off64_t'; did you mean 'off_t'?
  ('0' + ((SIZE / 1000)%10)),
           ^
/Users/jackywang/Desktop/231a/project/OpenCV/opencv-2.4.10/build/CMakeFiles/CheckTypeSize/OFF64_T.c:17:22: note: expanded from macro 'SIZE'
#define SIZE (sizeof(off64_t))
                     ^
/usr/include/sys/_types/_off_t.h:30:25: note: 'off_t' declared here
typedef __darwin_off_t          off_t;
                                ^
/Users/jackywang/Desktop/231a/project/OpenCV/opencv-2.4.10/build/CMakeFiles/CheckTypeSize/OFF64_T.c:21:12: error: use of undeclared identifier 'off64_t'; did you mean 'off_t'?
  ('0' + ((SIZE / 100)%10)),
           ^
/Users/jackywang/Desktop/231a/project/OpenCV/opencv-2.4.10/build/CMakeFiles/CheckTypeSize/OFF64_T.c:17:22: note: expanded from macro 'SIZE'
#define SIZE (sizeof(off64_t))
                     ^
/usr/include/sys/_types/_off_t.h:30:25: note: 'off_t' declared here
typedef __darwin_off_t          off_t;
                                ^
/Users/jackywang/Desktop/231a/project/OpenCV/opencv-2.4.10/build/CMakeFiles/CheckTypeSize/OFF64_T.c:22:12: error: use of undeclared identifier 'off64_t'; did you mean 'off_t'?
  ('0' + ((SIZE / 10)%10)),
           ^
/Users/jackywang/Desktop/231a/project/OpenCV/opencv-2.4.10/build/CMakeFiles/CheckTypeSize/OFF64_T.c:17:22: note: expanded from macro 'SIZE'
#define SIZE (sizeof(off64_t))
                     ^
/usr/include/sys/_types/_off_t.h:30:25: note: 'off_t' declared here
typedef __darwin_off_t          off_t;
                                ^
/Users/jackywang/Desktop/231a/project/OpenCV/opencv-2.4.10/build/CMakeFiles/CheckTypeSize/OFF64_T.c:23:12: error: use of undeclared identifier 'off64_t'; did you mean 'off_t'?
  ('0' +  (SIZE    % 10)),
           ^
/Users/jackywang/Desktop/231a/project/OpenCV/opencv-2.4.10/build/CMakeFiles/CheckTypeSize/OFF64_T.c:17:22: note: expanded from macro 'SIZE'
#define SIZE (sizeof(off64_t))
                     ^
/usr/include/sys/_types/_off_t.h:30:25: note: 'off_t' declared here
typedef __darwin_off_t          off_t;
                                ^
5 errors generated.
CMakeFiles/cmTryCompileExec1868082836.dir/build.make:60: recipe for target 'CMakeFiles/cmTryCompileExec1868082836.dir/OFF64_T.c.o' failed
gmake[1]: *** [CMakeFiles/cmTryCompileExec1868082836.dir/OFF64_T.c.o] Error 1
gmake[1]: Leaving directory '/Users/jackywang/Desktop/231a/project/OpenCV/opencv-2.4.10/build/CMakeFiles/CMakeTmp'
Makefile:117: recipe for target 'cmTryCompileExec1868082836/fast' failed
gmake: *** [cmTryCompileExec1868082836/fast] Error 2

/Users/jackywang/Desktop/231a/project/OpenCV/opencv-2.4.10/build/CMakeFiles/CheckTypeSize/OFF64_T.c:
#include <sys/types.h>
#include <stdint.h>
#include <stddef.h>


#undef KEY
#if defined(__i386)
# define KEY '_','_','i','3','8','6'
#elif defined(__x86_64)
# define KEY '_','_','x','8','6','_','6','4'
#elif defined(__ppc__)
# define KEY '_','_','p','p','c','_','_'
#elif defined(__ppc64__)
# define KEY '_','_','p','p','c','6','4','_','_'
#endif

#define SIZE (sizeof(off64_t))
char info_size[] =  {'I', 'N', 'F', 'O', ':', 's','i','z','e','[',
  ('0' + ((SIZE / 10000)%10)),
  ('0' + ((SIZE / 1000)%10)),
  ('0' + ((SIZE / 100)%10)),
  ('0' + ((SIZE / 10)%10)),
  ('0' +  (SIZE    % 10)),
  ']',
#ifdef KEY
  ' ','k','e','y','[', KEY, ']',
#endif
  '\0'};

#ifdef __CLASSIC_C__
int main(argc, argv) int argc; char *argv[];
#else
int main(int argc, char *argv[])
#endif
{
  int require = 0;
  require += info_size[argc];
  (void)argv;
  return require;
}


Determining if the include file io.h exists failed with the following output:
Change Dir: /Users/jackywang/Desktop/231a/project/OpenCV/opencv-2.4.10/build/CMakeFiles/CMakeTmp

Run Build Command:/opt/local/bin/gmake "cmTryCompileExec1103028692/fast"
/opt/local/bin/gmake -f CMakeFiles/cmTryCompileExec1103028692.dir/build.make CMakeFiles/cmTryCompileExec1103028692.dir/build
gmake[1]: Entering directory '/Users/jackywang/Desktop/231a/project/OpenCV/opencv-2.4.10/build/CMakeFiles/CMakeTmp'
"/Applications/CMake 2.8-11.app/Contents/bin/cmake" -E cmake_progress_report /Users/jackywang/Desktop/231a/project/OpenCV/opencv-2.4.10/build/CMakeFiles/CMakeTmp/CMakeFiles 1
Building C object CMakeFiles/cmTryCompileExec1103028692.dir/CheckIncludeFile.c.o
/usr/bin/cc   -fsigned-char -W -Werror=return-type -Werror=address -Werror=sequence-point -Wformat -Werror=format-security -Wmissing-declarations -Wmissing-prototypes -Wstrict-prototypes -Wundef -Winit-self -Wpointer-arith -Wshadow -Wsign-promo -Wno-narrowing -Wno-delete-non-virtual-dtor -Wno-unnamed-type-template-args -fdiagnostics-show-option -fno-omit-frame-pointer -msse -msse2 -msse3   -O3 -DNDEBUG   -o CMakeFiles/cmTryCompileExec1103028692.dir/CheckIncludeFile.c.o   -c /Users/jackywang/Desktop/231a/project/OpenCV/opencv-2.4.10/build/CMakeFiles/CMakeTmp/CheckIncludeFile.c
/Users/jackywang/Desktop/231a/project/OpenCV/opencv-2.4.10/build/CMakeFiles/CMakeTmp/CheckIncludeFile.c:1:10: fatal error: 'io.h' file not found
#include <io.h>
         ^
1 error generated.
CMakeFiles/cmTryCompileExec1103028692.dir/build.make:60: recipe for target 'CMakeFiles/cmTryCompileExec1103028692.dir/CheckIncludeFile.c.o' failed
gmake[1]: *** [CMakeFiles/cmTryCompileExec1103028692.dir/CheckIncludeFile.c.o] Error 1
gmake[1]: Leaving directory '/Users/jackywang/Desktop/231a/project/OpenCV/opencv-2.4.10/build/CMakeFiles/CMakeTmp'
Makefile:117: recipe for target 'cmTryCompileExec1103028692/fast' failed
gmake: *** [cmTryCompileExec1103028692/fast] Error 2


Determining if the function jbg_newlen exists failed with the following output:
Change Dir: /Users/jackywang/Desktop/231a/project/OpenCV/opencv-2.4.10/build/CMakeFiles/CMakeTmp

Run Build Command:/opt/local/bin/gmake "cmTryCompileExec2144143568/fast"
/opt/local/bin/gmake -f CMakeFiles/cmTryCompileExec2144143568.dir/build.make CMakeFiles/cmTryCompileExec2144143568.dir/build
gmake[1]: Entering directory '/Users/jackywang/Desktop/231a/project/OpenCV/opencv-2.4.10/build/CMakeFiles/CMakeTmp'
"/Applications/CMake 2.8-11.app/Contents/bin/cmake" -E cmake_progress_report /Users/jackywang/Desktop/231a/project/OpenCV/opencv-2.4.10/build/CMakeFiles/CMakeTmp/CMakeFiles 1
Building C object CMakeFiles/cmTryCompileExec2144143568.dir/CheckFunctionExists.c.o
/usr/bin/cc   -fsigned-char -W -Werror=return-type -Werror=address -Werror=sequence-point -Wformat -Werror=format-security -Wmissing-declarations -Wmissing-prototypes -Wstrict-prototypes -Wundef -Winit-self -Wpointer-arith -Wshadow -Wsign-promo -Wno-narrowing -Wno-delete-non-virtual-dtor -Wno-unnamed-type-template-args -fdiagnostics-show-option -fno-omit-frame-pointer -msse -msse2 -msse3  -DCHECK_FUNCTION_EXISTS=jbg_newlen -O3 -DNDEBUG   -o CMakeFiles/cmTryCompileExec2144143568.dir/CheckFunctionExists.c.o   -c "/Applications/CMake 2.8-11.app/Contents/share/cmake-2.8/Modules/CheckFunctionExists.c"
Linking C executable cmTryCompileExec2144143568
"/Applications/CMake 2.8-11.app/Contents/bin/cmake" -E cmake_link_script CMakeFiles/cmTryCompileExec2144143568.dir/link.txt --verbose=1
/usr/bin/cc      -fsigned-char -W -Werror=return-type -Werror=address -Werror=sequence-point -Wformat -Werror=format-security -Wmissing-declarations -Wmissing-prototypes -Wstrict-prototypes -Wundef -Winit-self -Wpointer-arith -Wshadow -Wsign-promo -Wno-narrowing -Wno-delete-non-virtual-dtor -Wno-unnamed-type-template-args -fdiagnostics-show-option -fno-omit-frame-pointer -msse -msse2 -msse3  -DCHECK_FUNCTION_EXISTS=jbg_newlen -O3 -DNDEBUG -Wl,-search_paths_first -Wl,-headerpad_max_install_names   CMakeFiles/cmTryCompileExec2144143568.dir/CheckFunctionExists.c.o  -o cmTryCompileExec2144143568  
Undefined symbols for architecture x86_64:
  "_jbg_newlen", referenced from:
      _main in CheckFunctionExists.c.o
ld: symbol(s) not found for architecture x86_64
clang: error: linker command failed with exit code 1 (use -v to see invocation)
CMakeFiles/cmTryCompileExec2144143568.dir/build.make:91: recipe for target 'cmTryCompileExec2144143568' failed
gmake[1]: *** [cmTryCompileExec2144143568] Error 1
gmake[1]: Leaving directory '/Users/jackywang/Desktop/231a/project/OpenCV/opencv-2.4.10/build/CMakeFiles/CMakeTmp'
Makefile:117: recipe for target 'cmTryCompileExec2144143568/fast' failed
gmake: *** [cmTryCompileExec2144143568/fast] Error 2


Determining if the include file linux/videodev.h exists failed with the following output:
Change Dir: /Users/jackywang/Desktop/231a/project/OpenCV/opencv-2.4.10/build/CMakeFiles/CMakeTmp

Run Build Command:/opt/local/bin/gmake "cmTryCompileExec437566927/fast"
/opt/local/bin/gmake -f CMakeFiles/cmTryCompileExec437566927.dir/build.make CMakeFiles/cmTryCompileExec437566927.dir/build
gmake[1]: Entering directory '/Users/jackywang/Desktop/231a/project/OpenCV/opencv-2.4.10/build/CMakeFiles/CMakeTmp'
"/Applications/CMake 2.8-11.app/Contents/bin/cmake" -E cmake_progress_report /Users/jackywang/Desktop/231a/project/OpenCV/opencv-2.4.10/build/CMakeFiles/CMakeTmp/CMakeFiles 1
Building C object CMakeFiles/cmTryCompileExec437566927.dir/CheckIncludeFile.c.o
/usr/bin/cc   -fsigned-char -W -Werror=return-type -Werror=address -Werror=sequence-point -Wformat -Werror=format-security -Wmissing-declarations -Wmissing-prototypes -Wstrict-prototypes -Wundef -Winit-self -Wpointer-arith -Wshadow -Wsign-promo -Wno-narrowing -Wno-delete-non-virtual-dtor -Wno-unnamed-type-template-args -fdiagnostics-show-option -fno-omit-frame-pointer -msse -msse2 -msse3   -O3 -DNDEBUG   -o CMakeFiles/cmTryCompileExec437566927.dir/CheckIncludeFile.c.o   -c /Users/jackywang/Desktop/231a/project/OpenCV/opencv-2.4.10/build/CMakeFiles/CMakeTmp/CheckIncludeFile.c
/Users/jackywang/Desktop/231a/project/OpenCV/opencv-2.4.10/build/CMakeFiles/CMakeTmp/CheckIncludeFile.c:1:10: fatal error: 'linux/videodev.h' file not found
#include <linux/videodev.h>
         ^
1 error generated.
CMakeFiles/cmTryCompileExec437566927.dir/build.make:60: recipe for target 'CMakeFiles/cmTryCompileExec437566927.dir/CheckIncludeFile.c.o' failed
gmake[1]: *** [CMakeFiles/cmTryCompileExec437566927.dir/CheckIncludeFile.c.o] Error 1
gmake[1]: Leaving directory '/Users/jackywang/Desktop/231a/project/OpenCV/opencv-2.4.10/build/CMakeFiles/CMakeTmp'
Makefile:117: recipe for target 'cmTryCompileExec437566927/fast' failed
gmake: *** [cmTryCompileExec437566927/fast] Error 2


Determining if the include file linux/videodev2.h exists failed with the following output:
Change Dir: /Users/jackywang/Desktop/231a/project/OpenCV/opencv-2.4.10/build/CMakeFiles/CMakeTmp

Run Build Command:/opt/local/bin/gmake "cmTryCompileExec288065704/fast"
/opt/local/bin/gmake -f CMakeFiles/cmTryCompileExec288065704.dir/build.make CMakeFiles/cmTryCompileExec288065704.dir/build
gmake[1]: Entering directory '/Users/jackywang/Desktop/231a/project/OpenCV/opencv-2.4.10/build/CMakeFiles/CMakeTmp'
"/Applications/CMake 2.8-11.app/Contents/bin/cmake" -E cmake_progress_report /Users/jackywang/Desktop/231a/project/OpenCV/opencv-2.4.10/build/CMakeFiles/CMakeTmp/CMakeFiles 1
Building C object CMakeFiles/cmTryCompileExec288065704.dir/CheckIncludeFile.c.o
/usr/bin/cc   -fsigned-char -W -Werror=return-type -Werror=address -Werror=sequence-point -Wformat -Werror=format-security -Wmissing-declarations -Wmissing-prototypes -Wstrict-prototypes -Wundef -Winit-self -Wpointer-arith -Wshadow -Wsign-promo -Wno-narrowing -Wno-delete-non-virtual-dtor -Wno-unnamed-type-template-args -fdiagnostics-show-option -fno-omit-frame-pointer -msse -msse2 -msse3   -O3 -DNDEBUG   -o CMakeFiles/cmTryCompileExec288065704.dir/CheckIncludeFile.c.o   -c /Users/jackywang/Desktop/231a/project/OpenCV/opencv-2.4.10/build/CMakeFiles/CMakeTmp/CheckIncludeFile.c
/Users/jackywang/Desktop/231a/project/OpenCV/opencv-2.4.10/build/CMakeFiles/CMakeTmp/CheckIncludeFile.c:1:10: fatal error: 'linux/videodev2.h' file not found
#include <linux/videodev2.h>
         ^
1 error generated.
CMakeFiles/cmTryCompileExec288065704.dir/build.make:60: recipe for target 'CMakeFiles/cmTryCompileExec288065704.dir/CheckIncludeFile.c.o' failed
gmake[1]: Leaving directory '/Users/jackywang/Desktop/231a/project/OpenCV/opencv-2.4.10/build/CMakeFiles/CMakeTmp'
gmake[1]: *** [CMakeFiles/cmTryCompileExec288065704.dir/CheckIncludeFile.c.o] Error 1
Makefile:117: recipe for target 'cmTryCompileExec288065704/fast' failed
gmake: *** [cmTryCompileExec288065704/fast] Error 2


Determining if the include file sys/videoio.h exists failed with the following output:
Change Dir: /Users/jackywang/Desktop/231a/project/OpenCV/opencv-2.4.10/build/CMakeFiles/CMakeTmp

Run Build Command:/opt/local/bin/gmake "cmTryCompileExec669484379/fast"
/opt/local/bin/gmake -f CMakeFiles/cmTryCompileExec669484379.dir/build.make CMakeFiles/cmTryCompileExec669484379.dir/build
gmake[1]: Entering directory '/Users/jackywang/Desktop/231a/project/OpenCV/opencv-2.4.10/build/CMakeFiles/CMakeTmp'
"/Applications/CMake 2.8-11.app/Contents/bin/cmake" -E cmake_progress_report /Users/jackywang/Desktop/231a/project/OpenCV/opencv-2.4.10/build/CMakeFiles/CMakeTmp/CMakeFiles 1
Building C object CMakeFiles/cmTryCompileExec669484379.dir/CheckIncludeFile.c.o
/usr/bin/cc   -fsigned-char -W -Werror=return-type -Werror=address -Werror=sequence-point -Wformat -Werror=format-security -Wmissing-declarations -Wmissing-prototypes -Wstrict-prototypes -Wundef -Winit-self -Wpointer-arith -Wshadow -Wsign-promo -Wno-narrowing -Wno-delete-non-virtual-dtor -Wno-unnamed-type-template-args -fdiagnostics-show-option -fno-omit-frame-pointer -msse -msse2 -msse3   -O3 -DNDEBUG   -o CMakeFiles/cmTryCompileExec669484379.dir/CheckIncludeFile.c.o   -c /Users/jackywang/Desktop/231a/project/OpenCV/opencv-2.4.10/build/CMakeFiles/CMakeTmp/CheckIncludeFile.c
/Users/jackywang/Desktop/231a/project/OpenCV/opencv-2.4.10/build/CMakeFiles/CMakeTmp/CheckIncludeFile.c:1:10: fatal error: 'sys/videoio.h' file not found
#include <sys/videoio.h>
         ^
1 error generated.
CMakeFiles/cmTryCompileExec669484379.dir/build.make:60: recipe for target 'CMakeFiles/cmTryCompileExec669484379.dir/CheckIncludeFile.c.o' failed
gmake[1]: *** [CMakeFiles/cmTryCompileExec669484379.dir/CheckIncludeFile.c.o] Error 1
gmake[1]: Leaving directory '/Users/jackywang/Desktop/231a/project/OpenCV/opencv-2.4.10/build/CMakeFiles/CMakeTmp'
Makefile:117: recipe for target 'cmTryCompileExec669484379/fast' failed
gmake: *** [cmTryCompileExec669484379/fast] Error 2


Determining if the include file libavformat/avformat.h exists failed with the following output:
Change Dir: /Users/jackywang/Desktop/231a/project/OpenCV/opencv-2.4.10/build/CMakeFiles/CMakeTmp

Run Build Command:/opt/local/bin/gmake "cmTryCompileExec941786061/fast"
/opt/local/bin/gmake -f CMakeFiles/cmTryCompileExec941786061.dir/build.make CMakeFiles/cmTryCompileExec941786061.dir/build
gmake[1]: Entering directory '/Users/jackywang/Desktop/231a/project/OpenCV/opencv-2.4.10/build/CMakeFiles/CMakeTmp'
"/Applications/CMake 2.8-11.app/Contents/bin/cmake" -E cmake_progress_report /Users/jackywang/Desktop/231a/project/OpenCV/opencv-2.4.10/build/CMakeFiles/CMakeTmp/CMakeFiles 1
Building C object CMakeFiles/cmTryCompileExec941786061.dir/CheckIncludeFile.c.o
/usr/bin/cc   -fsigned-char -W -Werror=return-type -Werror=address -Werror=sequence-point -Wformat -Werror=format-security -Wmissing-declarations -Wmissing-prototypes -Wstrict-prototypes -Wundef -Winit-self -Wpointer-arith -Wshadow -Wsign-promo -Wno-narrowing -Wno-delete-non-virtual-dtor -Wno-unnamed-type-template-args -fdiagnostics-show-option -fno-omit-frame-pointer -msse -msse2 -msse3   -O3 -DNDEBUG   -o CMakeFiles/cmTryCompileExec941786061.dir/CheckIncludeFile.c.o   -c /Users/jackywang/Desktop/231a/project/OpenCV/opencv-2.4.10/build/CMakeFiles/CMakeTmp/CheckIncludeFile.c
/Users/jackywang/Desktop/231a/project/OpenCV/opencv-2.4.10/build/CMakeFiles/CMakeTmp/CheckIncludeFile.c:1:10: fatal error: 'libavformat/avformat.h' file not found
#include <libavformat/avformat.h>
         ^
1 error generated.
CMakeFiles/cmTryCompileExec941786061.dir/build.make:60: recipe for target 'CMakeFiles/cmTryCompileExec941786061.dir/CheckIncludeFile.c.o' failed
gmake[1]: *** [CMakeFiles/cmTryCompileExec941786061.dir/CheckIncludeFile.c.o] Error 1
gmake[1]: Leaving directory '/Users/jackywang/Desktop/231a/project/OpenCV/opencv-2.4.10/build/CMakeFiles/CMakeTmp'
Makefile:117: recipe for target 'cmTryCompileExec941786061/fast' failed
gmake: *** [cmTryCompileExec941786061/fast] Error 2


Determining if the include file ffmpeg/avformat.h exists failed with the following output:
Change Dir: /Users/jackywang/Desktop/231a/project/OpenCV/opencv-2.4.10/build/CMakeFiles/CMakeTmp

Run Build Command:/opt/local/bin/gmake "cmTryCompileExec745612831/fast"
/opt/local/bin/gmake -f CMakeFiles/cmTryCompileExec745612831.dir/build.make CMakeFiles/cmTryCompileExec745612831.dir/build
gmake[1]: Entering directory '/Users/jackywang/Desktop/231a/project/OpenCV/opencv-2.4.10/build/CMakeFiles/CMakeTmp'
"/Applications/CMake 2.8-11.app/Contents/bin/cmake" -E cmake_progress_report /Users/jackywang/Desktop/231a/project/OpenCV/opencv-2.4.10/build/CMakeFiles/CMakeTmp/CMakeFiles 1
Building C object CMakeFiles/cmTryCompileExec745612831.dir/CheckIncludeFile.c.o
/usr/bin/cc   -fsigned-char -W -Werror=return-type -Werror=address -Werror=sequence-point -Wformat -Werror=format-security -Wmissing-declarations -Wmissing-prototypes -Wstrict-prototypes -Wundef -Winit-self -Wpointer-arith -Wshadow -Wsign-promo -Wno-narrowing -Wno-delete-non-virtual-dtor -Wno-unnamed-type-template-args -fdiagnostics-show-option -fno-omit-frame-pointer -msse -msse2 -msse3   -O3 -DNDEBUG   -o CMakeFiles/cmTryCompileExec745612831.dir/CheckIncludeFile.c.o   -c /Users/jackywang/Desktop/231a/project/OpenCV/opencv-2.4.10/build/CMakeFiles/CMakeTmp/CheckIncludeFile.c
/Users/jackywang/Desktop/231a/project/OpenCV/opencv-2.4.10/build/CMakeFiles/CMakeTmp/CheckIncludeFile.c:1:10: fatal error: 'ffmpeg/avformat.h' file not found
#include <ffmpeg/avformat.h>
         ^
1 error generated.
CMakeFiles/cmTryCompileExec745612831.dir/build.make:60: recipe for target 'CMakeFiles/cmTryCompileExec745612831.dir/CheckIncludeFile.c.o' failed
gmake[1]: *** [CMakeFiles/cmTryCompileExec745612831.dir/CheckIncludeFile.c.o] Error 1
gmake[1]: Leaving directory '/Users/jackywang/Desktop/231a/project/OpenCV/opencv-2.4.10/build/CMakeFiles/CMakeTmp'
Makefile:117: recipe for target 'cmTryCompileExec745612831/fast' failed
gmake: *** [cmTryCompileExec745612831/fast] Error 2


